<?xml version="1.0" encoding="UTF-8"?>
<!-- Generated by org.testng.reporters.JUnitXMLReporter -->
<testsuite hostname="INBASDLP02654" name="Surefire test" tests="1" failures="1" timestamp="20 Jul 2016 12:48:01 GMT" time="24.69" errors="0">
  <testcase name="" time="19.164" classname="com.testng.selenium.SeleniumMavenTestNGTest">
    <failure type="java.lang.AssertionError" message="Search term not found in search results expected [6] but found [4]">
      <![CDATA[java.lang.AssertionError: Search term not found in search results expected [6] but found [4]
	at com.testng.selenium.SeleniumMavenTestNGTest.testSearch(SeleniumMavenTestNGTest.java:36)
... Removed 33 stack frames]]>
    </failure>
  </testcase> <!--  -->
</testsuite> <!-- Surefire test -->
