-------------------------------------------------------------------------------
Test set: com.testng.selenium.SeleniumMavenTestNGTest
-------------------------------------------------------------------------------
Tests run: 1, Failures: 1, Errors: 0, Skipped: 0, Time elapsed: 25.159 sec <<< FAILURE! - in com.testng.selenium.SeleniumMavenTestNGTest
(com.testng.selenium.SeleniumMavenTestNGTest)  Time elapsed: 19.18 sec  <<< FAILURE!
java.lang.AssertionError: Search term not found in search results expected [6] but found [4]
	at com.testng.selenium.SeleniumMavenTestNGTest.testSearch(SeleniumMavenTestNGTest.java:36)

